[debug] [2020-10-19T14:55:04.399Z] ----------------------------------------------------------------------
[debug] [2020-10-19T14:55:04.401Z] Command:       C:\Program Files\nodejs\node.exe C:\Program Files\nodejs\node_modules\firebase-tools\lib\bin\firebase.js init
[debug] [2020-10-19T14:55:04.401Z] CLI Version:   8.12.1
[debug] [2020-10-19T14:55:04.401Z] Platform:      win32
[debug] [2020-10-19T14:55:04.401Z] Node Version:  v12.18.3
[debug] [2020-10-19T14:55:04.403Z] Time:          Mon Oct 19 2020 20:25:04 GMT+0530 (India Standard Time)
[debug] [2020-10-19T14:55:04.403Z] ----------------------------------------------------------------------
[debug] [2020-10-19T14:55:04.403Z] 
[debug] [2020-10-19T14:55:04.410Z] > command requires scopes: ["email","openid","https://www.googleapis.com/auth/cloudplatformprojects.readonly","https://www.googleapis.com/auth/firebase","https://www.googleapis.com/auth/cloud-platform"]
[debug] [2020-10-19T14:55:04.411Z] > authorizing via signed-in user
[info] 
     ######## #### ########  ######## ########     ###     ######  ########
     ##        ##  ##     ## ##       ##     ##  ##   ##  ##       ##
     ######    ##  ########  ######   ########  #########  ######  ######
     ##        ##  ##    ##  ##       ##     ## ##     ##       ## ##
     ##       #### ##     ## ######## ########  ##     ##  ######  ########

You're about to initialize a Firebase project in this directory:

  C:\GS-2484\ReactJS-Training\Clones\covid-19-tracker

Before we get started, keep in mind:

  * You are currently outside your home directory

